<?xml version="1.0" encoding="UTF-8"?>
<coverage generated="1759072780175" clover="3.2.0">
  <project timestamp="1759072780175" name="All files">
    <metrics statements="31" coveredstatements="29" conditionals="4" coveredconditionals="2" methods="9" coveredmethods="7" elements="44" coveredelements="38" complexity="0" loc="31" ncloc="31" packages="1" files="2" classes="2"/>
    <file name="DbConnection.js" path="C:\Users\jonat\OneDrive - Loyola University Maryland\Desktop\VS Code\Hackathon\UMBC_hackathon_2025\hackUMBC-26-Project-1\backend\mongo_setup\models\DbConnection.js">
      <metrics statements="9" coveredstatements="9" conditionals="4" coveredconditionals="2" methods="2" coveredmethods="2"/>
      <line num="1" count="1" type="stmt"/>
      <line num="2" count="1" type="stmt"/>
      <line num="4" count="1" type="stmt"/>
      <line num="5" count="1" type="stmt"/>
      <line num="6" count="1" type="cond" truecount="1" falsecount="1"/>
      <line num="7" count="1" type="cond" truecount="1" falsecount="1"/>
      <line num="9" count="1" type="stmt"/>
      <line num="12" count="1" type="stmt"/>
      <line num="13" count="1" type="stmt"/>
    </file>
    <file name="users.js" path="C:\Users\jonat\OneDrive - Loyola University Maryland\Desktop\VS Code\Hackathon\UMBC_hackathon_2025\hackUMBC-26-Project-1\backend\mongo_setup\models\users.js">
      <metrics statements="22" coveredstatements="20" conditionals="0" coveredconditionals="0" methods="7" coveredmethods="5"/>
      <line num="3" count="1" type="stmt"/>
      <line num="5" count="1" type="stmt"/>
      <line num="13" count="1" type="stmt"/>
      <line num="18" count="1" type="stmt"/>
      <line num="19" count="1" type="stmt"/>
      <line num="21" count="1" type="stmt"/>
      <line num="25" count="1" type="stmt"/>
      <line num="26" count="0" type="stmt"/>
      <line num="27" count="0" type="stmt"/>
      <line num="31" count="1" type="stmt"/>
      <line num="32" count="1" type="stmt"/>
      <line num="33" count="1" type="stmt"/>
      <line num="34" count="1" type="stmt"/>
      <line num="38" count="1" type="stmt"/>
      <line num="39" count="1" type="stmt"/>
      <line num="40" count="1" type="stmt"/>
      <line num="44" count="1" type="stmt"/>
      <line num="45" count="1" type="stmt"/>
      <line num="48" count="1" type="stmt"/>
      <line num="54" count="1" type="stmt"/>
      <line num="55" count="1" type="stmt"/>
      <line num="56" count="1" type="stmt"/>
    </file>
  </project>
</coverage>
