{"C:\\Users\\jonat\\OneDrive - Loyola University Maryland\\Desktop\\VS Code\\Hackathon\\UMBC_hackathon_2025\\hackUMBC-26-Project-1\\backend\\mongo_setup\\models\\DbConnection.js": {"path":"C:\\Users\\jonat\\OneDrive - Loyola University Maryland\\Desktop\\VS Code\\Hackathon\\UMBC_hackathon_2025\\hackUMBC-26-Project-1\\backend\\mongo_setup\\models\\DbConnection.js","statementMap":{"0":{"start":{"line":1,"column":0},"end":{"line":1,"column":27}},"1":{"start":{"line":2,"column":17},"end":{"line":2,"column":36}},"2":{"start":{"line":4,"column":0},"end":{"line":10,"column":1}},"3":{"start":{"line":5,"column":14},"end":{"line":5,"column":32}},"4":{"start":{"line":6,"column":4},"end":{"line":6,"column":52}},"5":{"start":{"line":6,"column":23},"end":{"line":6,"column":52}},"6":{"start":{"line":7,"column":4},"end":{"line":7,"column":68}},"7":{"start":{"line":7,"column":23},"end":{"line":7,"column":68}},"8":{"start":{"line":9,"column":4},"end":{"line":9,"column":26}},"9":{"start":{"line":12,"column":0},"end":{"line":14,"column":1}},"10":{"start":{"line":13,"column":4},"end":{"line":13,"column":38}}},"fnMap":{"0":{"name":"(anonymous_0)","decl":{"start":{"line":4,"column":18},"end":{"line":4,"column":19}},"loc":{"start":{"line":4,"column":33},"end":{"line":10,"column":1}},"line":4},"1":{"name":"(anonymous_1)","decl":{"start":{"line":12,"column":21},"end":{"line":12,"column":22}},"loc":{"start":{"line":12,"column":37},"end":{"line":14,"column":1}},"line":12}},"branchMap":{"0":{"loc":{"start":{"line":6,"column":4},"end":{"line":6,"column":52}},"type":"if","locations":[{"start":{"line":6,"column":4},"end":{"line":6,"column":52}},{"start":{},"end":{}}],"line":6},"1":{"loc":{"start":{"line":7,"column":4},"end":{"line":7,"column":68}},"type":"if","locations":[{"start":{"line":7,"column":4},"end":{"line":7,"column":68}},{"start":{},"end":{}}],"line":7}},"s":{"0":1,"1":1,"2":1,"3":1,"4":1,"5":1,"6":1,"7":0,"8":1,"9":1,"10":1},"f":{"0":1,"1":1},"b":{"0":[1,0],"1":[0,1]},"_coverageSchema":"1a1c01bbd47fc00a2c39e90264f33305004495a9","hash":"19a8ea2156ae6117f87e828ab3977447c8b7618b"}
,"C:\\Users\\jonat\\OneDrive - Loyola University Maryland\\Desktop\\VS Code\\Hackathon\\UMBC_hackathon_2025\\hackUMBC-26-Project-1\\backend\\mongo_setup\\models\\users.js": {"path":"C:\\Users\\jonat\\OneDrive - Loyola University Maryland\\Desktop\\VS Code\\Hackathon\\UMBC_hackathon_2025\\hackUMBC-26-Project-1\\backend\\mongo_setup\\models\\users.js","statementMap":{"0":{"start":{"line":3,"column":17},"end":{"line":3,"column":36}},"1":{"start":{"line":5,"column":19},"end":{"line":10,"column":2}},"2":{"start":{"line":13,"column":18},"end":{"line":13,"column":52}},"3":{"start":{"line":18,"column":0},"end":{"line":22,"column":2}},"4":{"start":{"line":19,"column":16},"end":{"line":19,"column":38}},"5":{"start":{"line":21,"column":4},"end":{"line":21,"column":17}},"6":{"start":{"line":25,"column":0},"end":{"line":28,"column":2}},"7":{"start":{"line":26,"column":15},"end":{"line":26,"column":43}},"8":{"start":{"line":27,"column":4},"end":{"line":27,"column":16}},"9":{"start":{"line":31,"column":0},"end":{"line":35,"column":2}},"10":{"start":{"line":32,"column":17},"end":{"line":32,"column":39}},"11":{"start":{"line":33,"column":4},"end":{"line":33,"column":22}},"12":{"start":{"line":34,"column":4},"end":{"line":34,"column":16}},"13":{"start":{"line":38,"column":0},"end":{"line":41,"column":2}},"14":{"start":{"line":39,"column":15},"end":{"line":39,"column":52}},"15":{"start":{"line":40,"column":4},"end":{"line":40,"column":16}},"16":{"start":{"line":44,"column":0},"end":{"line":46,"column":2}},"17":{"start":{"line":45,"column":4},"end":{"line":45,"column":33}},"18":{"start":{"line":48,"column":0},"end":{"line":51,"column":1}},"19":{"start":{"line":54,"column":0},"end":{"line":57,"column":2}},"20":{"start":{"line":55,"column":15},"end":{"line":55,"column":57}},"21":{"start":{"line":56,"column":4},"end":{"line":56,"column":16}}},"fnMap":{"0":{"name":"(anonymous_0)","decl":{"start":{"line":18,"column":18},"end":{"line":18,"column":19}},"loc":{"start":{"line":18,"column":36},"end":{"line":22,"column":1}},"line":18},"1":{"name":"(anonymous_1)","decl":{"start":{"line":25,"column":15},"end":{"line":25,"column":16}},"loc":{"start":{"line":25,"column":35},"end":{"line":28,"column":1}},"line":25},"2":{"name":"(anonymous_2)","decl":{"start":{"line":31,"column":17},"end":{"line":31,"column":18}},"loc":{"start":{"line":31,"column":42},"end":{"line":35,"column":1}},"line":31},"3":{"name":"(anonymous_3)","decl":{"start":{"line":38,"column":14},"end":{"line":38,"column":15}},"loc":{"start":{"line":38,"column":34},"end":{"line":41,"column":1}},"line":38},"4":{"name":"(anonymous_4)","decl":{"start":{"line":44,"column":20},"end":{"line":44,"column":21}},"loc":{"start":{"line":44,"column":38},"end":{"line":46,"column":1}},"line":44},"5":{"name":"(anonymous_5)","decl":{"start":{"line":48,"column":17},"end":{"line":48,"column":18}},"loc":{"start":{"line":48,"column":31},"end":{"line":51,"column":1}},"line":48},"6":{"name":"(anonymous_6)","decl":{"start":{"line":54,"column":20},"end":{"line":54,"column":21}},"loc":{"start":{"line":54,"column":44},"end":{"line":57,"column":1}},"line":54}},"branchMap":{},"s":{"0":1,"1":1,"2":1,"3":1,"4":1,"5":1,"6":1,"7":0,"8":0,"9":1,"10":1,"11":1,"12":1,"13":1,"14":1,"15":1,"16":1,"17":1,"18":1,"19":1,"20":1,"21":1},"f":{"0":1,"1":0,"2":1,"3":1,"4":1,"5":0,"6":1},"b":{},"_coverageSchema":"1a1c01bbd47fc00a2c39e90264f33305004495a9","hash":"0653ec237f814826fda46b5e041f1e9669bcdf3b"}
}
